2025-03-28 10:58:32.431 [restartedMain] INFO  c.s.c.MainApplication - Starting MainApplication using Java 17.0.9 with PID 21688 (C:\Users\Admin\Downloads\drive-download-20230518T144224Z-001\OneDrive\MayTinh\Coffee-Shop-Management-Backend\target\classes started by Admin in C:\Users\Admin\Downloads\drive-download-20230518T144224Z-001\OneDrive\MayTinh\Coffee-Shop-Management-Backend)
2025-03-28 10:58:32.438 [restartedMain] INFO  c.s.c.MainApplication - No active profile set, falling back to 1 default profile: "default"
2025-03-28 10:58:32.486 [restartedMain] INFO  o.s.b.d.e.DevToolsPropertyDefaultsPostProcessor - Devtools property defaults active! Set 'spring.devtools.add-properties' to 'false' to disable
2025-03-28 10:58:32.487 [restartedMain] INFO  o.s.b.d.e.DevToolsPropertyDefaultsPostProcessor - For additional web related logging consider setting the 'logging.level.web' property to 'DEBUG'
2025-03-28 10:58:32.505 [restartedMain] INFO  o.s.b.d.c.l.DockerComposeLifecycleManager - Using Docker Compose file 'C:\Users\Admin\Downloads\drive-download-20230518T144224Z-001\OneDrive\MayTinh\Coffee-Shop-Management-Backend\docker-compose.yaml'
2025-03-28 10:58:32.793 [restartedMain] ERROR o.s.boot.SpringApplication - Application run failed
org.springframework.boot.docker.compose.core.ProcessExitException: 'docker version --format {{.Client.Version}}' failed with exit code 1.

Stdout:
27.4.0


Stderr:
error during connect: Get "http://%2F%2F.%2Fpipe%2FdockerDesktopLinuxEngine/v1.47/version": open //./pipe/dockerDesktopLinuxEngine: The system cannot find the file specified.

	at org.springframework.boot.docker.compose.core.ProcessRunner.run(ProcessRunner.java:96)
	at org.springframework.boot.docker.compose.core.ProcessRunner.run(ProcessRunner.java:74)
	at org.springframework.boot.docker.compose.core.DockerCli$DockerCommands.getDockerCommand(DockerCli.java:135)
	at org.springframework.boot.docker.compose.core.DockerCli$DockerCommands.<init>(DockerCli.java:129)
	at org.springframework.boot.docker.compose.core.DockerCli.lambda$new$0(DockerCli.java:65)
	at java.base/java.util.HashMap.computeIfAbsent(HashMap.java:1220)
	at org.springframework.boot.docker.compose.core.DockerCli.<init>(DockerCli.java:64)
	at org.springframework.boot.docker.compose.core.DockerCompose.get(DockerCompose.java:92)
	at org.springframework.boot.docker.compose.lifecycle.DockerComposeLifecycleManager.getDockerCompose(DockerComposeLifecycleManager.java:154)
	at org.springframework.boot.docker.compose.lifecycle.DockerComposeLifecycleManager.start(DockerComposeLifecycleManager.java:110)
	at org.springframework.boot.docker.compose.lifecycle.DockerComposeListener.onApplicationEvent(DockerComposeListener.java:53)
	at org.springframework.boot.docker.compose.lifecycle.DockerComposeListener.onApplicationEvent(DockerComposeListener.java:35)
	at org.springframework.context.event.SimpleApplicationEventMulticaster.doInvokeListener(SimpleApplicationEventMulticaster.java:185)
	at org.springframework.context.event.SimpleApplicationEventMulticaster.invokeListener(SimpleApplicationEventMulticaster.java:178)
	at org.springframework.context.event.SimpleApplicationEventMulticaster.multicastEvent(SimpleApplicationEventMulticaster.java:156)
	at org.springframework.context.event.SimpleApplicationEventMulticaster.multicastEvent(SimpleApplicationEventMulticaster.java:138)
	at org.springframework.boot.context.event.EventPublishingRunListener.multicastInitialEvent(EventPublishingRunListener.java:136)
	at org.springframework.boot.context.event.EventPublishingRunListener.contextLoaded(EventPublishingRunListener.java:98)
	at org.springframework.boot.SpringApplicationRunListeners.lambda$contextLoaded$4(SpringApplicationRunListeners.java:72)
	at java.base/java.lang.Iterable.forEach(Iterable.java:75)
	at org.springframework.boot.SpringApplicationRunListeners.doWithListeners(SpringApplicationRunListeners.java:118)
	at org.springframework.boot.SpringApplicationRunListeners.doWithListeners(SpringApplicationRunListeners.java:112)
	at org.springframework.boot.SpringApplicationRunListeners.contextLoaded(SpringApplicationRunListeners.java:72)
	at org.springframework.boot.SpringApplication.prepareContext(SpringApplication.java:432)
	at org.springframework.boot.SpringApplication.run(SpringApplication.java:333)
	at org.springframework.boot.SpringApplication.run(SpringApplication.java:1354)
	at org.springframework.boot.SpringApplication.run(SpringApplication.java:1343)
	at com.se330.coffee_shop_management_backend.MainApplication.main(MainApplication.java:9)
	at java.base/jdk.internal.reflect.NativeMethodAccessorImpl.invoke0(Native Method)
	at java.base/jdk.internal.reflect.NativeMethodAccessorImpl.invoke(NativeMethodAccessorImpl.java:77)
	at java.base/jdk.internal.reflect.DelegatingMethodAccessorImpl.invoke(DelegatingMethodAccessorImpl.java:43)
	at java.base/java.lang.reflect.Method.invoke(Method.java:568)
	at org.springframework.boot.devtools.restart.RestartLauncher.run(RestartLauncher.java:50)
2025-03-28 10:58:52.624 [restartedMain] INFO  c.s.c.MainApplication - Starting MainApplication using Java 17.0.9 with PID 20436 (C:\Users\Admin\Downloads\drive-download-20230518T144224Z-001\OneDrive\MayTinh\Coffee-Shop-Management-Backend\target\classes started by Admin in C:\Users\Admin\Downloads\drive-download-20230518T144224Z-001\OneDrive\MayTinh\Coffee-Shop-Management-Backend)
2025-03-28 10:58:52.628 [restartedMain] INFO  c.s.c.MainApplication - No active profile set, falling back to 1 default profile: "default"
2025-03-28 10:58:52.726 [restartedMain] INFO  o.s.b.d.e.DevToolsPropertyDefaultsPostProcessor - Devtools property defaults active! Set 'spring.devtools.add-properties' to 'false' to disable
2025-03-28 10:58:52.727 [restartedMain] INFO  o.s.b.d.e.DevToolsPropertyDefaultsPostProcessor - For additional web related logging consider setting the 'logging.level.web' property to 'DEBUG'
2025-03-28 10:58:52.776 [restartedMain] INFO  o.s.b.d.c.l.DockerComposeLifecycleManager - Using Docker Compose file 'C:\Users\Admin\Downloads\drive-download-20230518T144224Z-001\OneDrive\MayTinh\Coffee-Shop-Management-Backend\docker-compose.yaml'
2025-03-28 10:58:53.485 [restartedMain] ERROR o.s.boot.SpringApplication - Application run failed
org.springframework.boot.docker.compose.core.ProcessExitException: 'docker version --format {{.Client.Version}}' failed with exit code 1.

Stdout:
27.4.0


Stderr:
request returned Internal Server Error for API route and version http://%2F%2F.%2Fpipe%2FdockerDesktopLinuxEngine/v1.47/version, check if the server supports the requested API version

	at org.springframework.boot.docker.compose.core.ProcessRunner.run(ProcessRunner.java:96)
	at org.springframework.boot.docker.compose.core.ProcessRunner.run(ProcessRunner.java:74)
	at org.springframework.boot.docker.compose.core.DockerCli$DockerCommands.getDockerCommand(DockerCli.java:135)
	at org.springframework.boot.docker.compose.core.DockerCli$DockerCommands.<init>(DockerCli.java:129)
	at org.springframework.boot.docker.compose.core.DockerCli.lambda$new$0(DockerCli.java:65)
	at java.base/java.util.HashMap.computeIfAbsent(HashMap.java:1220)
	at org.springframework.boot.docker.compose.core.DockerCli.<init>(DockerCli.java:64)
	at org.springframework.boot.docker.compose.core.DockerCompose.get(DockerCompose.java:92)
	at org.springframework.boot.docker.compose.lifecycle.DockerComposeLifecycleManager.getDockerCompose(DockerComposeLifecycleManager.java:154)
	at org.springframework.boot.docker.compose.lifecycle.DockerComposeLifecycleManager.start(DockerComposeLifecycleManager.java:110)
	at org.springframework.boot.docker.compose.lifecycle.DockerComposeListener.onApplicationEvent(DockerComposeListener.java:53)
	at org.springframework.boot.docker.compose.lifecycle.DockerComposeListener.onApplicationEvent(DockerComposeListener.java:35)
	at org.springframework.context.event.SimpleApplicationEventMulticaster.doInvokeListener(SimpleApplicationEventMulticaster.java:185)
	at org.springframework.context.event.SimpleApplicationEventMulticaster.invokeListener(SimpleApplicationEventMulticaster.java:178)
	at org.springframework.context.event.SimpleApplicationEventMulticaster.multicastEvent(SimpleApplicationEventMulticaster.java:156)
	at org.springframework.context.event.SimpleApplicationEventMulticaster.multicastEvent(SimpleApplicationEventMulticaster.java:138)
	at org.springframework.boot.context.event.EventPublishingRunListener.multicastInitialEvent(EventPublishingRunListener.java:136)
	at org.springframework.boot.context.event.EventPublishingRunListener.contextLoaded(EventPublishingRunListener.java:98)
	at org.springframework.boot.SpringApplicationRunListeners.lambda$contextLoaded$4(SpringApplicationRunListeners.java:72)
	at java.base/java.lang.Iterable.forEach(Iterable.java:75)
	at org.springframework.boot.SpringApplicationRunListeners.doWithListeners(SpringApplicationRunListeners.java:118)
	at org.springframework.boot.SpringApplicationRunListeners.doWithListeners(SpringApplicationRunListeners.java:112)
	at org.springframework.boot.SpringApplicationRunListeners.contextLoaded(SpringApplicationRunListeners.java:72)
	at org.springframework.boot.SpringApplication.prepareContext(SpringApplication.java:432)
	at org.springframework.boot.SpringApplication.run(SpringApplication.java:333)
	at org.springframework.boot.SpringApplication.run(SpringApplication.java:1354)
	at org.springframework.boot.SpringApplication.run(SpringApplication.java:1343)
	at com.se330.coffee_shop_management_backend.MainApplication.main(MainApplication.java:9)
	at java.base/jdk.internal.reflect.NativeMethodAccessorImpl.invoke0(Native Method)
	at java.base/jdk.internal.reflect.NativeMethodAccessorImpl.invoke(NativeMethodAccessorImpl.java:77)
	at java.base/jdk.internal.reflect.DelegatingMethodAccessorImpl.invoke(DelegatingMethodAccessorImpl.java:43)
	at java.base/java.lang.reflect.Method.invoke(Method.java:568)
	at org.springframework.boot.devtools.restart.RestartLauncher.run(RestartLauncher.java:50)
2025-03-28 10:59:16.465 [restartedMain] INFO  c.s.c.MainApplication - Starting MainApplication using Java 17.0.9 with PID 24460 (C:\Users\Admin\Downloads\drive-download-20230518T144224Z-001\OneDrive\MayTinh\Coffee-Shop-Management-Backend\target\classes started by Admin in C:\Users\Admin\Downloads\drive-download-20230518T144224Z-001\OneDrive\MayTinh\Coffee-Shop-Management-Backend)
2025-03-28 10:59:16.468 [restartedMain] INFO  c.s.c.MainApplication - No active profile set, falling back to 1 default profile: "default"
2025-03-28 10:59:16.526 [restartedMain] INFO  o.s.b.d.e.DevToolsPropertyDefaultsPostProcessor - Devtools property defaults active! Set 'spring.devtools.add-properties' to 'false' to disable
2025-03-28 10:59:16.526 [restartedMain] INFO  o.s.b.d.e.DevToolsPropertyDefaultsPostProcessor - For additional web related logging consider setting the 'logging.level.web' property to 'DEBUG'
2025-03-28 10:59:16.562 [restartedMain] INFO  o.s.b.d.c.l.DockerComposeLifecycleManager - Using Docker Compose file 'C:\Users\Admin\Downloads\drive-download-20230518T144224Z-001\OneDrive\MayTinh\Coffee-Shop-Management-Backend\docker-compose.yaml'
2025-03-28 10:59:19.563 [restartedMain] INFO  o.s.d.r.c.RepositoryConfigurationDelegate - Multiple Spring Data modules found, entering strict repository configuration mode
2025-03-28 10:59:19.570 [restartedMain] INFO  o.s.d.r.c.RepositoryConfigurationDelegate - Bootstrapping Spring Data JPA repositories in DEFAULT mode.
2025-03-28 10:59:19.904 [restartedMain] INFO  o.s.d.r.c.RepositoryConfigurationExtensionSupport - Spring Data JPA - Could not safely identify store assignment for repository candidate interface com.se330.coffee_shop_management_backend.repository.JwtTokenRepository; If you want this repository to be a JPA repository, consider annotating your entities with one of these annotations: jakarta.persistence.Entity, jakarta.persistence.MappedSuperclass (preferred), or consider extending one of the following types with your repository: org.springframework.data.jpa.repository.JpaRepository
2025-03-28 10:59:19.941 [restartedMain] INFO  o.s.d.r.c.RepositoryConfigurationDelegate - Finished Spring Data repository scanning in 359 ms. Found 8 JPA repository interfaces.
2025-03-28 10:59:19.957 [restartedMain] INFO  o.s.d.r.c.RepositoryConfigurationDelegate - Multiple Spring Data modules found, entering strict repository configuration mode
2025-03-28 10:59:19.958 [restartedMain] INFO  o.s.d.r.c.RepositoryConfigurationDelegate - Bootstrapping Spring Data Redis repositories in DEFAULT mode.
2025-03-28 10:59:19.975 [restartedMain] INFO  o.s.d.r.c.RepositoryConfigurationExtensionSupport - Spring Data Redis - Could not safely identify store assignment for repository candidate interface com.se330.coffee_shop_management_backend.repository.EmailVerificationTokenRepository; If you want this repository to be a Redis repository, consider annotating your entities with one of these annotations: org.springframework.data.redis.core.RedisHash (preferred), or consider extending one of the following types with your repository: org.springframework.data.keyvalue.repository.KeyValueRepository
2025-03-28 10:59:19.975 [restartedMain] INFO  o.s.d.r.c.RepositoryConfigurationExtensionSupport - Spring Data Redis - Could not safely identify store assignment for repository candidate interface com.se330.coffee_shop_management_backend.repository.PasswordResetTokenRepository; If you want this repository to be a Redis repository, consider annotating your entities with one of these annotations: org.springframework.data.redis.core.RedisHash (preferred), or consider extending one of the following types with your repository: org.springframework.data.keyvalue.repository.KeyValueRepository
2025-03-28 10:59:19.977 [restartedMain] INFO  o.s.d.r.c.RepositoryConfigurationExtensionSupport - Spring Data Redis - Could not safely identify store assignment for repository candidate interface com.se330.coffee_shop_management_backend.repository.productrepositories.ProductCategoryRepository; If you want this repository to be a Redis repository, consider annotating your entities with one of these annotations: org.springframework.data.redis.core.RedisHash (preferred), or consider extending one of the following types with your repository: org.springframework.data.keyvalue.repository.KeyValueRepository
2025-03-28 10:59:19.977 [restartedMain] INFO  o.s.d.r.c.RepositoryConfigurationExtensionSupport - Spring Data Redis - Could not safely identify store assignment for repository candidate interface com.se330.coffee_shop_management_backend.repository.productrepositories.ProductRepository; If you want this repository to be a Redis repository, consider annotating your entities with one of these annotations: org.springframework.data.redis.core.RedisHash (preferred), or consider extending one of the following types with your repository: org.springframework.data.keyvalue.repository.KeyValueRepository
2025-03-28 10:59:19.977 [restartedMain] INFO  o.s.d.r.c.RepositoryConfigurationExtensionSupport - Spring Data Redis - Could not safely identify store assignment for repository candidate interface com.se330.coffee_shop_management_backend.repository.productrepositories.ProductVariantRepository; If you want this repository to be a Redis repository, consider annotating your entities with one of these annotations: org.springframework.data.redis.core.RedisHash (preferred), or consider extending one of the following types with your repository: org.springframework.data.keyvalue.repository.KeyValueRepository
2025-03-28 10:59:19.978 [restartedMain] INFO  o.s.d.r.c.RepositoryConfigurationExtensionSupport - Spring Data Redis - Could not safely identify store assignment for repository candidate interface com.se330.coffee_shop_management_backend.repository.RoleRepository; If you want this repository to be a Redis repository, consider annotating your entities with one of these annotations: org.springframework.data.redis.core.RedisHash (preferred), or consider extending one of the following types with your repository: org.springframework.data.keyvalue.repository.KeyValueRepository
2025-03-28 10:59:19.978 [restartedMain] INFO  o.s.d.r.c.RepositoryConfigurationExtensionSupport - Spring Data Redis - Could not safely identify store assignment for repository candidate interface com.se330.coffee_shop_management_backend.repository.SettingRepository; If you want this repository to be a Redis repository, consider annotating your entities with one of these annotations: org.springframework.data.redis.core.RedisHash (preferred), or consider extending one of the following types with your repository: org.springframework.data.keyvalue.repository.KeyValueRepository
2025-03-28 10:59:19.978 [restartedMain] INFO  o.s.d.r.c.RepositoryConfigurationExtensionSupport - Spring Data Redis - Could not safely identify store assignment for repository candidate interface com.se330.coffee_shop_management_backend.repository.UserRepository; If you want this repository to be a Redis repository, consider annotating your entities with one of these annotations: org.springframework.data.redis.core.RedisHash (preferred), or consider extending one of the following types with your repository: org.springframework.data.keyvalue.repository.KeyValueRepository
2025-03-28 10:59:19.985 [restartedMain] INFO  o.s.d.r.c.RepositoryConfigurationDelegate - Finished Spring Data repository scanning in 18 ms. Found 1 Redis repository interface.
2025-03-28 10:59:21.051 [restartedMain] INFO  o.s.b.w.e.tomcat.TomcatWebServer - Tomcat initialized with port 8080 (http)
2025-03-28 10:59:21.078 [restartedMain] INFO  o.a.catalina.core.StandardService - Starting service [Tomcat]
2025-03-28 10:59:21.078 [restartedMain] INFO  o.a.catalina.core.StandardEngine - Starting Servlet engine: [Apache Tomcat/10.1.19]
2025-03-28 10:59:21.135 [restartedMain] INFO  o.a.c.c.C.[Tomcat].[localhost].[/] - Initializing Spring embedded WebApplicationContext
2025-03-28 10:59:21.135 [restartedMain] INFO  o.s.b.w.s.c.ServletWebServerApplicationContext - Root WebApplicationContext: initialization completed in 3168 ms
2025-03-28 10:59:21.650 [restartedMain] INFO  liquibase.database - Set default schema name to public
2025-03-28 10:59:21.799 [restartedMain] INFO  liquibase.lockservice - Successfully acquired change log lock
2025-03-28 10:59:22.067 [restartedMain] INFO  liquibase.changelog - Reading resource: db/changelog/migrations/2023-07-20T01-45-45Z_changelog.xml
2025-03-28 10:59:22.511 [restartedMain] INFO  liquibase.changelog - Reading resource: db/changelog/migrations/2023-08-04T14-10-31Z_changelog.xml
2025-03-28 10:59:22.595 [restartedMain] INFO  liquibase.changelog - Reading from public.databasechangelog
2025-03-28 10:59:22.665 [restartedMain] INFO  liquibase.changelog - Reading from public.databasechangelog
2025-03-28 10:59:22.673 [restartedMain] INFO  liquibase.util - UPDATE SUMMARY
2025-03-28 10:59:22.673 [restartedMain] INFO  liquibase.util - Run:                          0
2025-03-28 10:59:22.673 [restartedMain] INFO  liquibase.util - Previously run:              21
2025-03-28 10:59:22.673 [restartedMain] INFO  liquibase.util - Filtered out:                 0
2025-03-28 10:59:22.673 [restartedMain] INFO  liquibase.util - -------------------------------
2025-03-28 10:59:22.673 [restartedMain] INFO  liquibase.util - Total change sets:           21

2025-03-28 10:59:22.674 [restartedMain] INFO  liquibase.util - Update summary generated
2025-03-28 10:59:22.680 [restartedMain] INFO  liquibase.lockservice - Successfully released change log lock
2025-03-28 10:59:22.687 [restartedMain] INFO  liquibase.lockservice - Successfully released change log lock
2025-03-28 10:59:22.689 [restartedMain] INFO  liquibase.command - Command execution complete
2025-03-28 10:59:22.801 [restartedMain] INFO  o.h.jpa.internal.util.LogHelper - HHH000204: Processing PersistenceUnitInfo [name: default]
2025-03-28 10:59:22.875 [restartedMain] INFO  org.hibernate.Version - HHH000412: Hibernate ORM core version 6.4.4.Final
2025-03-28 10:59:22.914 [restartedMain] INFO  o.h.c.i.RegionFactoryInitiator - HHH000026: Second-level cache disabled
2025-03-28 10:59:23.249 [restartedMain] INFO  o.s.o.j.p.SpringPersistenceUnitInfo - No LoadTimeWeaver setup: ignoring JPA class transformer
2025-03-28 10:59:23.328 [restartedMain] INFO  com.zaxxer.hikari.HikariDataSource - HikariPool-1 - Starting...
2025-03-28 10:59:23.347 [restartedMain] INFO  com.zaxxer.hikari.pool.HikariPool - HikariPool-1 - Added connection org.postgresql.jdbc.PgConnection@3575066f
2025-03-28 10:59:23.348 [restartedMain] INFO  com.zaxxer.hikari.HikariDataSource - HikariPool-1 - Start completed.
2025-03-28 10:59:23.395 [restartedMain] WARN  org.hibernate.orm.deprecation - HHH90000025: PostgreSQLDialect does not need to be specified explicitly using 'hibernate.dialect' (remove the property setting and it will be selected by default)
2025-03-28 10:59:24.768 [restartedMain] INFO  o.h.e.t.j.p.i.JtaPlatformInitiator - HHH000489: No JTA platform available (set 'hibernate.transaction.jta.platform' to enable JTA platform integration)
2025-03-28 10:59:24.900 [restartedMain] INFO  o.s.o.j.LocalContainerEntityManagerFactoryBean - Initialized JPA EntityManagerFactory for persistence unit 'default'
2025-03-28 10:59:25.274 [restartedMain] INFO  o.s.d.j.r.query.QueryEnhancerFactory - Hibernate is in classpath; If applicable, HQL parser will be used.
2025-03-28 10:59:26.263 [restartedMain] INFO  o.s.b.d.a.OptionalLiveReloadServer - LiveReload server is running on port 35729
2025-03-28 10:59:27.105 [restartedMain] INFO  o.s.b.a.e.web.EndpointLinksResolver - Exposing 1 endpoint(s) beneath base path '/actuator'
2025-03-28 10:59:28.200 [restartedMain] INFO  o.s.s.web.DefaultSecurityFilterChain - Will secure any request with [org.springframework.security.web.session.DisableEncodeUrlFilter@51693c5d, org.springframework.security.web.context.request.async.WebAsyncManagerIntegrationFilter@f199d12, org.springframework.security.web.context.SecurityContextHolderFilter@6213db9b, org.springframework.security.web.header.HeaderWriterFilter@3a8118e7, org.springframework.web.filter.CorsFilter@73ec00e6, org.springframework.security.web.authentication.logout.LogoutFilter@267357fb, com.se330.coffee_shop_management_backend.security.JwtAuthenticationFilter@7ddd2814, org.springframework.security.web.savedrequest.RequestCacheAwareFilter@aba6f4b, org.springframework.security.web.servletapi.SecurityContextHolderAwareRequestFilter@b141fc, org.springframework.security.web.authentication.AnonymousAuthenticationFilter@73c4f0a, org.springframework.security.web.session.SessionManagementFilter@2cdf753c, org.springframework.security.web.access.ExceptionTranslationFilter@271df81e, org.springframework.security.web.access.intercept.AuthorizationFilter@7b7489b9]
2025-03-28 10:59:29.011 [restartedMain] INFO  o.s.b.w.e.tomcat.TomcatWebServer - Tomcat started on port 8080 (http) with context path ''
2025-03-28 10:59:29.015 [restartedMain] INFO  c.s.c.MainApplication - Started MainApplication in 13.335 seconds (process running for 14.675)
2025-03-28 10:59:29.591 [RMI TCP Connection(3)-10.45.209.82] INFO  o.a.c.c.C.[Tomcat].[localhost].[/] - Initializing Spring DispatcherServlet 'dispatcherServlet'
2025-03-28 10:59:29.592 [RMI TCP Connection(3)-10.45.209.82] INFO  o.s.web.servlet.DispatcherServlet - Initializing Servlet 'dispatcherServlet'
2025-03-28 10:59:29.595 [RMI TCP Connection(3)-10.45.209.82] INFO  o.s.web.servlet.DispatcherServlet - Completed initialization in 3 ms
2025-03-28 10:59:45.992 [http-nio-8080-exec-1] INFO  c.s.c.s.JwtAuthenticationFilter - 0:0:0:0:0:0:0:1
2025-03-28 10:59:46.037 [http-nio-8080-exec-2] INFO  c.s.c.s.JwtAuthenticationFilter - 0:0:0:0:0:0:0:1
2025-03-28 10:59:46.048 [http-nio-8080-exec-3] INFO  c.s.c.s.JwtAuthenticationFilter - 0:0:0:0:0:0:0:1
2025-03-28 10:59:46.099 [http-nio-8080-exec-4] INFO  c.s.c.s.JwtAuthenticationFilter - 0:0:0:0:0:0:0:1
2025-03-28 10:59:46.106 [http-nio-8080-exec-5] INFO  c.s.c.s.JwtAuthenticationFilter - 0:0:0:0:0:0:0:1
2025-03-28 10:59:46.131 [http-nio-8080-exec-7] INFO  c.s.c.s.JwtAuthenticationFilter - 0:0:0:0:0:0:0:1
2025-03-28 10:59:46.132 [http-nio-8080-exec-4] INFO  c.s.c.s.JwtAuthenticationFilter - 0:0:0:0:0:0:0:1
2025-03-28 10:59:46.132 [http-nio-8080-exec-6] INFO  c.s.c.s.JwtAuthenticationFilter - 0:0:0:0:0:0:0:1
2025-03-28 10:59:47.494 [http-nio-8080-exec-9] INFO  c.s.c.s.JwtAuthenticationFilter - 0:0:0:0:0:0:0:1
2025-03-28 10:59:47.513 [http-nio-8080-exec-10] INFO  c.s.c.s.JwtAuthenticationFilter - 0:0:0:0:0:0:0:1
2025-03-28 10:59:48.349 [http-nio-8080-exec-1] INFO  o.s.api.AbstractOpenApiResource - Init duration for springdoc-openapi is: 800 ms
2025-03-28 10:59:48.366 [http-nio-8080-exec-1] INFO  c.s.c.s.JwtAuthenticationFilter - 0:0:0:0:0:0:0:1
2025-03-28 10:59:55.415 [http-nio-8080-exec-4] INFO  c.s.c.service.AuthService - Login request received: mail@example.com
2025-03-28 10:59:55.816 [http-nio-8080-exec-4] INFO  c.s.c.service.AuthService - Token generated for user: e5247098-f0bc-423e-a439-49ec05659a24
2025-03-28 10:59:55.819 [http-nio-8080-exec-4] INFO  c.s.c.s.JwtAuthenticationFilter - 0:0:0:0:0:0:0:1
2025-03-28 10:59:57.565 [http-nio-8080-exec-6] INFO  c.s.c.service.AuthService - Login request received: mail@example.com
2025-03-28 10:59:57.830 [http-nio-8080-exec-6] INFO  c.s.c.service.AuthService - Token generated for user: e5247098-f0bc-423e-a439-49ec05659a24
2025-03-28 10:59:57.832 [http-nio-8080-exec-6] INFO  c.s.c.s.JwtAuthenticationFilter - 0:0:0:0:0:0:0:1
2025-03-28 11:00:55.106 [http-nio-8080-exec-10] INFO  c.s.c.s.JwtAuthenticationFilter - 0:0:0:0:0:0:0:1
2025-03-28 11:00:57.075 [http-nio-8080-exec-1] INFO  c.s.c.s.JwtAuthenticationFilter - 0:0:0:0:0:0:0:1
2025-03-28 11:03:53.156 [SpringApplicationShutdownHook] INFO  o.s.o.j.LocalContainerEntityManagerFactoryBean - Closing JPA EntityManagerFactory for persistence unit 'default'
2025-03-28 11:03:53.159 [SpringApplicationShutdownHook] INFO  com.zaxxer.hikari.HikariDataSource - HikariPool-1 - Shutdown initiated...
2025-03-28 11:03:53.162 [SpringApplicationShutdownHook] INFO  com.zaxxer.hikari.HikariDataSource - HikariPool-1 - Shutdown completed.
